<?xml version="1.0" encoding="UTF-8"?>
<!-- Generated by org.testng.reporters.JUnitReportReporter -->
<testsuite hostname="DESKTOP-PRUK6UA" failures="0" tests="2" name="testCases.Account_Registration" time="12.655" errors="0" timestamp="2024-09-30T15:57:14 IST" skipped="0">
  <testcase classname="testCases.Account_Registration" name="AccountRegister" time="6.206"/>
  <testcase classname="testCases.Account_Registration" name="AccountRegister" time="6.449"/>
</testsuite> <!-- testCases.Account_Registration -->
