<?xml version="1.0" encoding="UTF-8"?>
<!-- Generated by org.testng.reporters.JUnitReportReporter -->
<testsuite hostname="DESKTOP-PRUK6UA" failures="0" tests="2" name="testCases.AccountLogin" time="14.215" errors="0" timestamp="2024-09-30T15:57:14 IST" skipped="0">
  <testcase classname="testCases.AccountLogin" name="LoginFlow" time="7.206"/>
  <testcase classname="testCases.AccountLogin" name="LoginFlow" time="7.009"/>
</testsuite> <!-- testCases.AccountLogin -->
