<?xml version="1.0" encoding="UTF-8"?>
<!-- Generated by org.testng.reporters.JUnitReportReporter -->
<testsuite hostname="DESKTOP-PRUK6UA" failures="0" tests="2" name="testCases.Account_Registration" time="15.200" errors="0" timestamp="2024-09-30T16:18:23 IST" skipped="0">
  <testcase classname="testCases.Account_Registration" name="AccountRegister" time="6.955"/>
  <testcase classname="testCases.Account_Registration" name="AccountRegister" time="8.245"/>
</testsuite> <!-- testCases.Account_Registration -->
